<?xml version="1.0" encoding="UTF-8"?>
<!-- Generated by org.testng.reporters.JUnitReportReporter -->
<testsuite skipped="0" hostname="LAPTOP-25CEQ6VJ" name="com.smoke.Zooplarun" tests="1" failures="0" timestamp="2021-07-14T23:48:32 EDT" time="4.143" errors="0">
  <testcase name="loginTest" time="4.143" classname="com.smoke.Zooplarun"/>
  <system-out/>
</testsuite> <!-- com.smoke.Zooplarun -->
